<?xml version="1.0" encoding="UTF-8"?>
<!-- Generated by org.testng.reporters.JUnitXMLReporter -->
<testsuite hostname="LAPTOP-SG4KQSGL" ignored="1" name="Default test" tests="1" failures="0" timestamp="01 Apr 2018 12:19:06 GMT" time="22.682" errors="0">
  <testcase name="validateCreateNewContact" time="1.991" classname="com.crm.qa.testcases.ContactsPageTest"/>
  <testcase name="VerifyContactsPageLabelTest" time="0.0" classname="com.crm.qa.testcases.ContactsPageTest">
    <ignored/>
  </testcase> <!-- VerifyContactsPageLabelTest -->
</testsuite> <!-- Default test -->
