<?xml version="1.0" encoding="UTF-8"?>
<testng-results skipped="0" failed="0" ignored="1" total="2" passed="1">
  <reporter-output>
  </reporter-output>
  <suite name="Default suite" duration-ms="22682" started-at="2018-04-01T12:18:43Z" finished-at="2018-04-01T12:19:06Z">
    <groups>
    </groups>
    <test name="Default test" duration-ms="22682" started-at="2018-04-01T12:18:43Z" finished-at="2018-04-01T12:19:06Z">
      <class name="com.crm.qa.testcases.ContactsPageTest">
        <test-method status="PASS" signature="setup()[pri:0, instance:com.crm.qa.testcases.ContactsPageTest@5e3a8624]" name="setup" is-config="true" duration-ms="20036" started-at="2018-04-01T12:18:43Z" finished-at="2018-04-01T12:19:03Z">
          <reporter-output>
          </reporter-output>
        </test-method> <!-- setup -->
        <test-method status="PASS" signature="validateCreateNewContact()[pri:2, instance:com.crm.qa.testcases.ContactsPageTest@5e3a8624]" name="validateCreateNewContact" duration-ms="1991" started-at="2018-04-01T12:19:03Z" finished-at="2018-04-01T12:19:05Z">
          <reporter-output>
          </reporter-output>
        </test-method> <!-- validateCreateNewContact -->
        <test-method status="PASS" signature="teardown()[pri:0, instance:com.crm.qa.testcases.ContactsPageTest@5e3a8624]" name="teardown" is-config="true" duration-ms="637" started-at="2018-04-01T12:19:05Z" finished-at="2018-04-01T12:19:06Z">
          <reporter-output>
          </reporter-output>
        </test-method> <!-- teardown -->
      </class> <!-- com.crm.qa.testcases.ContactsPageTest -->
    </test> <!-- Default test -->
  </suite> <!-- Default suite -->
</testng-results>
